2017-05-26-main--INFO -com.jdbc.util.PropertyUtility-39:error:  java.io.FileNotFoundException: .\data\Discipline.properties (The system cannot find the file specified)
2017-05-26-main--INFO -com.jdbc.util.PropertyUtility-39:error:  java.io.FileNotFoundException: .\data\Discipline.properties (The system cannot find the file specified)
2017-05-26-main--INFO -com.jdbc.util.PropertyUtility-39:error:  java.io.FileNotFoundException: .\data\Discipline.properties (The system cannot find the file specified)
2017-05-26-main--INFO -com.jdbc.util.PropertyUtility-39:error:  java.io.FileNotFoundException: .\db_property_files\config.properties (The system cannot find the path specified)
2017-05-26-main--INFO -com.jdbc.util.PropertyUtility-39:error:  java.io.FileNotFoundException: .\db_property_files\config.properties (The system cannot find the path specified)
2017-05-26-main--INFO -com.jdbc.util.PropertyUtility-39:error:  java.io.FileNotFoundException: .\data\Discipline.properties (The system cannot find the file specified)
2017-05-26-main--INFO -com.jdbc.util.PropertyUtility-39:error:  java.io.FileNotFoundException: .\data\Discipline.properties (The system cannot find the file specified)
2017-05-26-main--INFO -com.jdbc.util.PropertyUtility-39:error:  java.io.FileNotFoundException: .\data\Discipline.properties (The system cannot find the file specified)
2017-05-26-main--INFO -com.jdbc.util.PropertyUtility-39:error:  java.io.FileNotFoundException: .\db_property_files\null (The system cannot find the path specified)
2017-05-26-main--INFO -com.jdbc.util.ExcelUtils-156:createSheet failed with Error :: null
2017-05-26-main--INFO -com.jdbc.util.ExcelUtils-206:Error while setting the cell data by setCellData(Str1, Str2, int1, int2) for column : 0 and row : 0 Exception : java.lang.NullPointerException
2017-05-26-main--INFO -com.jdbc.util.ExcelUtils-206:Error while setting the cell data by setCellData(Str1, Str2, int1, int2) for column : 1 and row : 0 Exception : java.lang.NullPointerException
2017-05-26-main--INFO -com.jdbc.util.ExcelUtils-206:Error while setting the cell data by setCellData(Str1, Str2, int1, int2) for column : 2 and row : 0 Exception : java.lang.NullPointerException
2017-05-26-main--INFO -com.jdbc.util.ExcelUtils-206:Error while setting the cell data by setCellData(Str1, Str2, int1, int2) for column : 3 and row : 0 Exception : java.lang.NullPointerException
2017-05-26-main--INFO -com.jdbc.util.ExcelUtils-206:Error while setting the cell data by setCellData(Str1, Str2, int1, int2) for column : 4 and row : 0 Exception : java.lang.NullPointerException
2017-05-26-main--INFO -com.jdbc.util.ExcelUtils-206:Error while setting the cell data by setCellData(Str1, Str2, int1, int2) for column : 5 and row : 0 Exception : java.lang.NullPointerException
2017-05-26-main--INFO -com.jdbc.util.ExcelUtils-229:Error while setting the cell data by setCellData(Str1, Str2, int1, int2) for column : Scenario_Name and row : 1 Exception : java.lang.NullPointerException
2017-05-26-main--INFO -com.jdbc.util.ExcelUtils-229:Error while setting the cell data by setCellData(Str1, Str2, int1, int2) for column : Passed and row : 1 Exception : java.lang.NullPointerException
2017-05-26-main--INFO -com.jdbc.util.ExcelUtils-229:Error while setting the cell data by setCellData(Str1, Str2, int1, int2) for column : Failed and row : 1 Exception : java.lang.NullPointerException
2017-05-26-main--INFO -com.jdbc.util.ExcelUtils-229:Error while setting the cell data by setCellData(Str1, Str2, int1, int2) for column : Failed-Removed and row : 1 Exception : java.lang.NullPointerException
2017-05-26-main--INFO -com.jdbc.util.ExcelUtils-229:Error while setting the cell data by setCellData(Str1, Str2, int1, int2) for column : Failed-Changed and row : 1 Exception : java.lang.NullPointerException
2017-05-26-main--INFO -com.jdbc.util.ExcelUtils-229:Error while setting the cell data by setCellData(Str1, Str2, int1, int2) for column : Failed-Added and row : 1 Exception : java.lang.NullPointerException
2017-05-26-main--INFO -com.jdbc.util.PropertyUtility-39:error:  java.io.FileNotFoundException: .\data\Discipline.properties (The system cannot find the file specified)
2017-05-26-main--INFO -com.jdbc.util.PropertyUtility-39:error:  java.io.FileNotFoundException: .\data\Discipline.properties (The system cannot find the file specified)
2017-05-26-main--INFO -com.jdbc.util.PropertyUtility-39:error:  java.io.FileNotFoundException: .\data\Discipline.properties (The system cannot find the file specified)
2017-05-26-main--INFO -com.jdbc.util.PropertyUtility-39:error:  java.io.FileNotFoundException: .\db_property_files\config.properties (The system cannot find the path specified)
2017-05-26-main--INFO -com.jdbc.util.PropertyUtility-39:error:  java.io.FileNotFoundException: .\db_property_files\config.properties (The system cannot find the path specified)
2017-05-26-main--INFO -com.jdbc.util.PropertyUtility-39:error:  java.io.FileNotFoundException: .\data\Discipline.properties (The system cannot find the file specified)
2017-05-26-main--INFO -com.jdbc.util.PropertyUtility-39:error:  java.io.FileNotFoundException: .\data\Discipline.properties (The system cannot find the file specified)
2017-05-26-main--INFO -com.jdbc.util.PropertyUtility-39:error:  java.io.FileNotFoundException: .\data\Discipline.properties (The system cannot find the file specified)
2017-05-26-main--INFO -com.jdbc.util.PropertyUtility-39:error:  java.io.FileNotFoundException: .\db_property_files\null (The system cannot find the path specified)
2017-05-26-main--INFO -com.jdbc.util.ExcelUtils-156:createSheet failed with Error :: null
2017-05-26-main--INFO -com.jdbc.util.ExcelUtils-206:Error while setting the cell data by setCellData(Str1, Str2, int1, int2) for column : 0 and row : 0 Exception : java.lang.NullPointerException
2017-05-26-main--INFO -com.jdbc.util.ExcelUtils-206:Error while setting the cell data by setCellData(Str1, Str2, int1, int2) for column : 1 and row : 0 Exception : java.lang.NullPointerException
2017-05-26-main--INFO -com.jdbc.util.ExcelUtils-206:Error while setting the cell data by setCellData(Str1, Str2, int1, int2) for column : 2 and row : 0 Exception : java.lang.NullPointerException
2017-05-26-main--INFO -com.jdbc.util.ExcelUtils-206:Error while setting the cell data by setCellData(Str1, Str2, int1, int2) for column : 3 and row : 0 Exception : java.lang.NullPointerException
2017-05-26-main--INFO -com.jdbc.util.ExcelUtils-206:Error while setting the cell data by setCellData(Str1, Str2, int1, int2) for column : 4 and row : 0 Exception : java.lang.NullPointerException
2017-05-26-main--INFO -com.jdbc.util.ExcelUtils-206:Error while setting the cell data by setCellData(Str1, Str2, int1, int2) for column : 5 and row : 0 Exception : java.lang.NullPointerException
2017-05-26-main--INFO -com.jdbc.util.ExcelUtils-229:Error while setting the cell data by setCellData(Str1, Str2, int1, int2) for column : Scenario_Name and row : 1 Exception : java.lang.NullPointerException
2017-05-26-main--INFO -com.jdbc.util.ExcelUtils-229:Error while setting the cell data by setCellData(Str1, Str2, int1, int2) for column : Passed and row : 1 Exception : java.lang.NullPointerException
2017-05-26-main--INFO -com.jdbc.util.ExcelUtils-229:Error while setting the cell data by setCellData(Str1, Str2, int1, int2) for column : Failed and row : 1 Exception : java.lang.NullPointerException
2017-05-26-main--INFO -com.jdbc.util.ExcelUtils-229:Error while setting the cell data by setCellData(Str1, Str2, int1, int2) for column : Failed-Removed and row : 1 Exception : java.lang.NullPointerException
2017-05-26-main--INFO -com.jdbc.util.ExcelUtils-229:Error while setting the cell data by setCellData(Str1, Str2, int1, int2) for column : Failed-Changed and row : 1 Exception : java.lang.NullPointerException
2017-05-26-main--INFO -com.jdbc.util.ExcelUtils-229:Error while setting the cell data by setCellData(Str1, Str2, int1, int2) for column : Failed-Added and row : 1 Exception : java.lang.NullPointerException
2017-05-26-main--INFO -com.jdbc.util.PropertyUtility-39:error:  java.io.FileNotFoundException: .\data\Discipline.properties (The system cannot find the file specified)
2017-05-26-main--INFO -com.jdbc.util.PropertyUtility-39:error:  java.io.FileNotFoundException: .\data\Discipline.properties (The system cannot find the file specified)
2017-05-26-main--INFO -com.jdbc.util.PropertyUtility-39:error:  java.io.FileNotFoundException: .\data\Discipline.properties (The system cannot find the file specified)
2017-05-26-main--INFO -com.jdbc.util.PropertyUtility-39:error:  java.io.FileNotFoundException: .\db_property_files\config.properties (The system cannot find the path specified)
2017-05-26-main--INFO -com.jdbc.util.PropertyUtility-39:error:  java.io.FileNotFoundException: .\db_property_files\config.properties (The system cannot find the path specified)
2017-05-26-main--INFO -com.jdbc.util.PropertyUtility-39:error:  java.io.FileNotFoundException: .\data\Discipline.properties (The system cannot find the file specified)
2017-05-26-main--INFO -com.jdbc.util.PropertyUtility-39:error:  java.io.FileNotFoundException: .\data\Discipline.properties (The system cannot find the file specified)
2017-05-26-main--INFO -com.jdbc.util.PropertyUtility-39:error:  java.io.FileNotFoundException: .\data\Discipline.properties (The system cannot find the file specified)
2017-05-26-main--INFO -com.jdbc.util.PropertyUtility-39:error:  java.io.FileNotFoundException: .\db_property_files\null (The system cannot find the path specified)
2017-05-26-main--INFO -com.jdbc.util.ExcelUtils-156:createSheet failed with Error :: null
2017-05-26-main--INFO -com.jdbc.util.ExcelUtils-206:Error while setting the cell data by setCellData(Str1, Str2, int1, int2) for column : 0 and row : 0 Exception : java.lang.NullPointerException
2017-05-26-main--INFO -com.jdbc.util.ExcelUtils-206:Error while setting the cell data by setCellData(Str1, Str2, int1, int2) for column : 1 and row : 0 Exception : java.lang.NullPointerException
2017-05-26-main--INFO -com.jdbc.util.ExcelUtils-206:Error while setting the cell data by setCellData(Str1, Str2, int1, int2) for column : 2 and row : 0 Exception : java.lang.NullPointerException
2017-05-26-main--INFO -com.jdbc.util.ExcelUtils-206:Error while setting the cell data by setCellData(Str1, Str2, int1, int2) for column : 3 and row : 0 Exception : java.lang.NullPointerException
2017-05-26-main--INFO -com.jdbc.util.ExcelUtils-206:Error while setting the cell data by setCellData(Str1, Str2, int1, int2) for column : 4 and row : 0 Exception : java.lang.NullPointerException
2017-05-26-main--INFO -com.jdbc.util.ExcelUtils-206:Error while setting the cell data by setCellData(Str1, Str2, int1, int2) for column : 5 and row : 0 Exception : java.lang.NullPointerException
2017-05-26-main--INFO -com.jdbc.util.ExcelUtils-229:Error while setting the cell data by setCellData(Str1, Str2, int1, int2) for column : Scenario_Name and row : 1 Exception : java.lang.NullPointerException
2017-05-26-main--INFO -com.jdbc.util.ExcelUtils-229:Error while setting the cell data by setCellData(Str1, Str2, int1, int2) for column : Passed and row : 1 Exception : java.lang.NullPointerException
2017-05-26-main--INFO -com.jdbc.util.ExcelUtils-229:Error while setting the cell data by setCellData(Str1, Str2, int1, int2) for column : Failed and row : 1 Exception : java.lang.NullPointerException
2017-05-26-main--INFO -com.jdbc.util.ExcelUtils-229:Error while setting the cell data by setCellData(Str1, Str2, int1, int2) for column : Failed-Removed and row : 1 Exception : java.lang.NullPointerException
2017-05-26-main--INFO -com.jdbc.util.ExcelUtils-229:Error while setting the cell data by setCellData(Str1, Str2, int1, int2) for column : Failed-Changed and row : 1 Exception : java.lang.NullPointerException
2017-05-26-main--INFO -com.jdbc.util.ExcelUtils-229:Error while setting the cell data by setCellData(Str1, Str2, int1, int2) for column : Failed-Added and row : 1 Exception : java.lang.NullPointerException
2017-05-26-main--INFO -com.jdbc.util.PropertyUtility-39:error:  java.io.FileNotFoundException: .\data\Discipline.properties (The system cannot find the file specified)
2017-05-26-main--INFO -com.jdbc.util.PropertyUtility-39:error:  java.io.FileNotFoundException: .\data\Discipline.properties (The system cannot find the file specified)
2017-05-26-main--INFO -com.jdbc.util.PropertyUtility-39:error:  java.io.FileNotFoundException: .\db_property_files\config.properties (The system cannot find the path specified)
2017-05-26-main--INFO -com.jdbc.util.PropertyUtility-39:error:  java.io.FileNotFoundException: .\db_property_files\config.properties (The system cannot find the path specified)
2017-05-26-main--INFO -com.jdbc.util.PropertyUtility-39:error:  java.io.FileNotFoundException: .\data\Discipline.properties (The system cannot find the file specified)
2017-05-26-main--INFO -com.jdbc.util.PropertyUtility-39:error:  java.io.FileNotFoundException: .\data\Discipline.properties (The system cannot find the file specified)
2017-05-26-main--INFO -com.jdbc.util.PropertyUtility-39:error:  java.io.FileNotFoundException: .\db_property_files\config.properties (The system cannot find the path specified)
2017-05-26-main--INFO -com.jdbc.util.PropertyUtility-39:error:  java.io.FileNotFoundException: .\db_property_files\config.properties (The system cannot find the path specified)
2017-05-26-main--INFO -com.jdbc.util.PropertyUtility-39:error:  java.io.FileNotFoundException: .\data\Discipline.properties (The system cannot find the file specified)
2017-05-26-main--INFO -com.jdbc.util.PropertyUtility-39:error:  java.io.FileNotFoundException: .\data\Discipline.properties (The system cannot find the file specified)
2017-05-26-main--INFO -com.jdbc.util.PropertyUtility-39:error:  java.io.FileNotFoundException: .\dbpropertyfiles\config.properties (The system cannot find the path specified)
2017-05-26-main--INFO -com.jdbc.util.PropertyUtility-39:error:  java.io.FileNotFoundException: .\dbpropertyfiles\config.properties (The system cannot find the path specified)
2017-05-26-main--INFO -com.jdbc.util.DBPropertyUtility-39:error:  java.io.FileNotFoundException: .\data\Discipline.properties (The system cannot find the file specified)
2017-05-26-main--INFO -com.jdbc.util.DBPropertyUtility-39:error:  java.io.FileNotFoundException: .\data\Discipline.properties (The system cannot find the file specified)
2017-05-26-main--INFO -com.jdbc.util.DBPropertyUtility-39:error:  java.io.FileNotFoundException: .\dbpropertyfiles\config.properties (The system cannot find the path specified)
2017-05-26-main--INFO -com.jdbc.util.DBPropertyUtility-39:error:  java.io.FileNotFoundException: .\dbpropertyfiles\config.properties (The system cannot find the path specified)
2017-05-26-main--INFO -com.jdbc.util.DBPropertyUtility-39:error:  java.io.FileNotFoundException: .\data\Discipline.properties (The system cannot find the file specified)
2017-05-26-main--INFO -com.jdbc.util.DBPropertyUtility-39:error:  java.io.FileNotFoundException: .\data\Discipline.properties (The system cannot find the file specified)
2017-05-26-main--INFO -com.jdbc.util.DBPropertyUtility-39:error:  java.io.FileNotFoundException: .\dbpropertyfiles\config.properties (The system cannot find the path specified)
2017-05-26-main--INFO -com.jdbc.util.DBPropertyUtility-39:error:  java.io.FileNotFoundException: .\dbpropertyfiles\config.properties (The system cannot find the path specified)
2017-05-26-main--INFO -com.jdbc.util.DBPropertyUtility-39:error:  java.io.FileNotFoundException: .\data\Discipline.properties (The system cannot find the file specified)
2017-05-26-main--INFO -com.jdbc.util.DBPropertyUtility-39:error:  java.io.FileNotFoundException: .\data\Discipline.properties (The system cannot find the file specified)
2017-05-26-main--INFO -com.jdbc.util.DBPropertyUtility-39:error:  java.io.FileNotFoundException: .\dbpropertyfiles\config.properties (The system cannot find the path specified)
2017-05-26-main--INFO -com.jdbc.util.DBPropertyUtility-39:error:  java.io.FileNotFoundException: .\dbpropertyfiles\config.properties (The system cannot find the path specified)
2017-05-26-main--INFO -com.jdbc.util.DBPropertyUtility-39:error:  java.io.FileNotFoundException: .\data\Discipline.properties (The system cannot find the file specified)
2017-05-26-main--INFO -com.jdbc.util.DBPropertyUtility-39:error:  java.io.FileNotFoundException: .\data\Discipline.properties (The system cannot find the file specified)
2017-05-26-main--INFO -com.jdbc.util.DBPropertyUtility-39:error:  java.io.FileNotFoundException: .\dbpropertyfiles\config.properties (The system cannot find the path specified)
2017-05-26-main--INFO -com.jdbc.util.DBPropertyUtility-39:error:  java.io.FileNotFoundException: .\dbpropertyfiles\config.properties (The system cannot find the path specified)
2017-05-26-main--INFO -com.jdbc.util.DBPropertyUtility-39:error:  java.io.FileNotFoundException: .\data\Discipline.properties (The system cannot find the file specified)
2017-05-26-main--INFO -com.jdbc.util.DBPropertyUtility-39:error:  java.io.FileNotFoundException: .\data\Discipline.properties (The system cannot find the file specified)
2017-05-26-main--INFO -com.jdbc.util.DBPropertyUtility-39:error:  java.io.FileNotFoundException: .\dbpropertyfiles\config.properties (The system cannot find the path specified)
2017-05-26-main--INFO -com.jdbc.util.DBPropertyUtility-39:error:  java.io.FileNotFoundException: .\dbpropertyfiles\config.properties (The system cannot find the path specified)
2017-05-26-main--INFO -com.jdbc.util.DBPropertyUtility-40:error:  java.io.FileNotFoundException: .\data\Discipline.properties (The system cannot find the file specified)
2017-05-26-main--INFO -com.jdbc.util.DBPropertyUtility-40:error:  java.io.FileNotFoundException: .\data\Discipline.properties (The system cannot find the file specified)
2017-05-26-main--INFO -com.jdbc.util.DBPropertyUtility-40:error:  java.io.FileNotFoundException: .\dbpropertyfiles\config.properties (The system cannot find the path specified)
2017-05-26-main--INFO -com.jdbc.util.DBPropertyUtility-40:error:  java.io.FileNotFoundException: .\dbpropertyfiles\config.properties (The system cannot find the path specified)
2017-05-26-main--INFO -com.jdbc.util.DBPropertyUtility-40:error:  java.io.FileNotFoundException: .\data\Discipline.properties (The system cannot find the file specified)
2017-05-26-main--INFO -com.jdbc.util.DBPropertyUtility-40:error:  java.io.FileNotFoundException: .\data\Discipline.properties (The system cannot find the file specified)
2017-05-26-main--INFO -com.jdbc.util.DBPropertyUtility-40:error:  java.io.FileNotFoundException: .\dbpropertyfiles\config.properties (The system cannot find the path specified)
2017-05-26-main--INFO -com.jdbc.util.DBPropertyUtility-40:error:  java.io.FileNotFoundException: .\dbpropertyfiles\config.properties (The system cannot find the path specified)
2017-05-26-main--INFO -com.jdbc.util.DBPropertyUtility-40:error:  java.io.FileNotFoundException: .\data\Discipline.properties (The system cannot find the file specified)
2017-05-26-main--INFO -com.jdbc.util.DBPropertyUtility-40:error:  java.io.FileNotFoundException: .\data\Discipline.properties (The system cannot find the file specified)
2017-05-26-main--INFO -com.jdbc.util.DBPropertyUtility-40:error:  java.io.FileNotFoundException: .\dbpropertyfiles\config.properties (The system cannot find the path specified)
2017-05-26-main--INFO -com.jdbc.util.DBPropertyUtility-40:error:  java.io.FileNotFoundException: .\dbpropertyfiles\config.properties (The system cannot find the path specified)
2017-05-26-main--INFO -com.jdbc.util.DBPropertyUtility-40:error:  java.io.FileNotFoundException: .\data\Discipline.properties (The system cannot find the file specified)
2017-05-26-main--INFO -com.jdbc.util.DBPropertyUtility-40:error:  java.io.FileNotFoundException: .\data\Discipline.properties (The system cannot find the file specified)
2017-05-26-main--INFO -com.jdbc.util.DBPropertyUtility-40:error:  java.io.FileNotFoundException: .\data\Discipline.properties (The system cannot find the file specified)
2017-05-26-main--INFO -com.jdbc.util.DBPropertyUtility-40:error:  java.io.FileNotFoundException: .\data\Discipline.properties (The system cannot find the file specified)
2017-05-26-main--INFO -com.jdbc.util.DBPropertyUtility-40:error:  java.io.FileNotFoundException: .\data\Discipline.properties (The system cannot find the file specified)
2017-05-26-main--INFO -com.jdbc.util.DBPropertyUtility-40:error:  java.io.FileNotFoundException: .\data\Discipline.properties (The system cannot find the file specified)
2017-05-26-main--INFO -com.jdbc.util.DBPropertyUtility-40:error:  java.io.FileNotFoundException: .\data\Discipline.properties (The system cannot find the file specified)
2017-05-26-main--INFO -com.jdbc.util.DBPropertyUtility-40:error:  java.io.FileNotFoundException: .\data\Discipline.properties (The system cannot find the file specified)
2017-05-26-main--INFO -com.jdbc.util.DBPropertyUtility-40:error:  java.io.FileNotFoundException: .\data\Discipline.properties (The system cannot find the file specified)
2017-05-26-main--INFO -com.jdbc.util.DBPropertyUtility-40:error:  java.io.FileNotFoundException: .\data\Discipline.properties (The system cannot find the file specified)
2017-05-26-main--INFO -com.jdbc.util.DBPropertyUtility-40:error:  java.io.FileNotFoundException: .\data\Discipline.properties (The system cannot find the file specified)
2017-05-26-main--INFO -com.jdbc.util.DBPropertyUtility-40:error:  java.io.FileNotFoundException: .\data\Discipline.properties (The system cannot find the file specified)
2017-05-26-main--INFO -com.jdbc.util.DBPropertyUtility-40:error:  java.io.FileNotFoundException: .\data\Discipline.properties (The system cannot find the file specified)
2017-05-26-main--INFO -com.jdbc.util.DBPropertyUtility-40:error:  java.io.FileNotFoundException: .\data\Discipline.properties (The system cannot find the file specified)
2017-05-26-main--INFO -com.jdbc.util.DBPropertyUtility-40:error:  java.io.FileNotFoundException: .\data\Discipline.properties (The system cannot find the file specified)
2017-05-26-main--INFO -com.jdbc.util.DBPropertyUtility-40:error:  java.io.FileNotFoundException: .\data\Discipline.properties (The system cannot find the file specified)
2017-05-26-main--INFO -com.jdbc.util.DBPropertyUtility-40:error:  java.io.FileNotFoundException: .\data\Discipline.properties (The system cannot find the file specified)
2017-05-26-main--INFO -com.jdbc.util.DBPropertyUtility-40:error:  java.io.FileNotFoundException: .\data\Discipline.properties (The system cannot find the file specified)
2017-05-26-main--INFO -com.jdbc.util.DBPropertyUtility-40:error:  java.io.FileNotFoundException: .\data\Discipline.properties (The system cannot find the file specified)
2017-05-26-main--INFO -com.jdbc.util.DBPropertyUtility-40:error:  java.io.FileNotFoundException: .\data\Discipline.properties (The system cannot find the file specified)
2017-05-26-main--INFO -com.jdbc.util.DBPropertyUtility-40:error:  java.io.FileNotFoundException: .\data\Discipline.properties (The system cannot find the file specified)
2017-05-26-main--INFO -com.jdbc.util.DBPropertyUtility-40:error:  java.io.FileNotFoundException: .\data\Discipline.properties (The system cannot find the file specified)
