#
# A fatal error has been detected by the Java Runtime Environment:
#
#  EXCEPTION_ACCESS_VIOLATION (0xc0000005) at pc=0x6c6fa9d5, pid=4636, tid=0x000026d8
#
# JRE version: Java(TM) SE Runtime Environment (8.0_92-b14) (build 1.8.0_92-b14)
# Java VM: Java HotSpot(TM) Client VM (25.92-b14 mixed mode windows-x86 )
# Problematic frame:
# C  [jdwp.dll+0x1a9d5]
#
# Failed to write core dump. Minidumps are not enabled by default on client versions of Windows
#
# If you would like to submit a bug report, please visit:
#   http://bugreport.java.com/bugreport/crash.jsp
# The crash happened outside the Java Virtual Machine in native code.
# See problematic frame for where to report the bug.
#

---------------  T H R E A D  ---------------

Current thread (0x00de8800):  JavaThread "JDWP Command Reader" daemon [_thread_in_native, id=9944, stack(0x146b0000,0x14700000)]

siginfo: ExceptionCode=0xc0000005, reading address 0x00000000

Registers:
EAX=0x00000028, EBX=0x73fc326c, ECX=0x00000000, EDX=0xf39fff6b
ESP=0x146ff5a8, EBP=0x146ff5ac, ESI=0x0000000c, EDI=0x73fc315c
EIP=0x6c6fa9d5, EFLAGS=0x00010206

Top of Stack: (sp=0x146ff5a8)
0x146ff5a8:   0000000c 146ff6d0 73fc107e 00000028
0x146ff5b8:   146ff5cc 73fc315c 73fc326c 146ff710
0x146ff5c8:   000000ca 65746e49 70757272 20646574
0x146ff5d8:   636e7566 6e6f6974 6c616320 74a1006c
0x146ff5e8:   74a1432a 00d46cc8 00d46db8 00d46cc8
0x146ff5f8:   00000004 00000000 01000001 00000000
0x146ff608:   00000020 01010000 146ff548 c0000120
0x146ff618:   146ff968 7719e195 008b73a3 fffffffe 

Instructions: (pc=0x6c6fa9d5)
0x6c6fa9b5:   5f 33 cd 5e e8 8e 2b 00 00 c9 c3 55 8b ec 8b 45
0x6c6fa9c5:   08 85 c0 75 02 5d c3 8b 0d e4 47 70 6c 8b 09 56
0x6c6fa9d5:   8b 31 57 8d 55 08 52 99 52 50 51 ff 96 b4 00 00
0x6c6fa9e5:   00 8b f8 85 ff 74 41 68 07 07 00 00 68 18 2d 70 


Register to memory mapping:

EAX=0x00000028 is an unknown value
EBX=0x73fc326c is an unknown value
ECX=0x00000000 is an unknown value
EDX=0xf39fff6b is an unknown value
ESP=0x146ff5a8 is pointing into the stack for thread: 0x00de8800
EBP=0x146ff5ac is pointing into the stack for thread: 0x00de8800
ESI=0x0000000c is an unknown value
EDI=0x73fc315c is an unknown value


Stack: [0x146b0000,0x14700000],  sp=0x146ff5a8,  free space=317k
Native frames: (J=compiled Java code, j=interpreted, Vv=VM code, C=native code)
C  [jdwp.dll+0x1a9d5]
C  [dt_socket.dll+0x107e]
C  [dt_socket.dll+0x14f7]
C  [jdwp.dll+0x18933]
V  [jvm.dll+0x120564]
V  [jvm.dll+0x17cbca]
V  [jvm.dll+0x1c1376]
C  [msvcr100.dll+0x5c556]
C  [msvcr100.dll+0x5c600]
C  [kernel32.dll+0x4ef1c]
C  [ntdll.dll+0x6367a]
C  [ntdll.dll+0x6364d]
C  0x00000000


---------------  P R O C E S S  ---------------

Java Threads: ( => current thread )
  0x14fff400 JavaThread "UrlChecker-3" daemon [_thread_blocked, id=8924, stack(0x165b0000,0x16600000)]
  0x00e16000 JavaThread "Service Thread" daemon [_thread_blocked, id=6920, stack(0x14ce0000,0x14d30000)]
  0x00df0000 JavaThread "C1 CompilerThread0" daemon [_thread_blocked, id=5344, stack(0x14c40000,0x14c90000)]
=>0x00de8800 JavaThread "JDWP Command Reader" daemon [_thread_in_native, id=9944, stack(0x146b0000,0x14700000)]
  0x00de7400 JavaThread "JDWP Event Helper Thread" daemon [_thread_blocked, id=4704, stack(0x14b00000,0x14b50000)]
  0x00de3400 JavaThread "JDWP Transport Listener: dt_socket" daemon [_thread_blocked, id=808, stack(0x03f40000,0x03f90000)]
  0x00dd7c00 JavaThread "Attach Listener" daemon [_thread_blocked, id=6336, stack(0x14750000,0x147a0000)]
  0x00ddb800 JavaThread "Signal Dispatcher" daemon [_thread_blocked, id=8728, stack(0x14460000,0x144b0000)]
  0x00dc6c00 JavaThread "Finalizer" daemon [_thread_blocked, id=6508, stack(0x03f90000,0x03fe0000)]
  0x00da0000 JavaThread "Reference Handler" daemon [_thread_blocked, id=5768, stack(0x145a0000,0x145f0000)]
  0x006ccc00 JavaThread "main" [_thread_blocked, id=7612, stack(0x00bb0000,0x00c00000)]

Other Threads:
  0x00d9a400 VMThread [stack: 0x144f0000,0x14540000] [id=6388]

VM state:at safepoint (normal execution)

VM Mutex/Monitor currently owned by a thread:  ([mutex/lock_event])
[0x006caec0] Threads_lock - owner thread: 0x00d9a400

Heap:
 def new generation   total 7744K, used 7481K [0x04000000, 0x04860000, 0x09550000)
  eden space 6912K,  96% used [0x04000000, 0x0467e478, 0x046c0000)
  from space 832K, 100% used [0x04790000, 0x04860000, 0x04860000)
  to   space 832K,   0% used [0x046c0000, 0x046c0000, 0x04790000)
 tenured generation   total 17016K, used 15029K [0x09550000, 0x0a5ee000, 0x14000000)
   the space 17016K,  88% used [0x09550000, 0x0a3fd610, 0x0a3fd800, 0x0a5ee000)
 Metaspace       used 14886K, capacity 15027K, committed 15104K, reserved 15744K

Card table byte_map: [0x00c00000,0x00c90000] byte_map_base: 0x00be0000

Polling page: 0x006a0000

CodeCache: size=32768Kb used=3621Kb max_used=3621Kb free=29146Kb
 bounds [0x01f20000, 0x022b0000, 0x03f20000]
 total_blobs=1817 nmethods=1631 adapters=124
 compilation: enabled

Compilation events (10 events):
Event: 141.576 Thread 0x00df0000 1645             java.util.regex.Pattern$StartS::match (138 bytes)
Event: 141.576 Thread 0x00df0000 nmethod 1645 0x022a7548 code [0x022a7690, 0x022a7950]
Event: 141.577 Thread 0x00df0000 1646             org.testng.reporters.FileStringBuffer::append (6 bytes)
Event: 141.577 Thread 0x00df0000 nmethod 1646 0x022a7b88 code [0x022a7c80, 0x022a7d1c]
Event: 141.577 Thread 0x00df0000 1647   !         org.testng.reporters.FileStringBuffer::append (98 bytes)
Event: 141.578 Thread 0x00df0000 nmethod 1647 0x022a7d88 code [0x022a7f20, 0x022a82b8]
Event: 141.610 Thread 0x00df0000 1648   !         java.io.BufferedWriter::write (117 bytes)
Event: 141.610 Thread 0x00df0000 nmethod 1648 0x022a8748 code [0x022a8880, 0x022a8bd4]
Event: 141.611 Thread 0x00df0000 1649             org.testng.internal.Utils::escapeHtml (79 bytes)
Event: 141.611 Thread 0x00df0000 nmethod 1649 0x022a8f08 code [0x022a9090, 0x022a94f8]

GC Heap History (10 events):
Event: 139.913 GC heap before
{Heap before GC invocations=20 (full 1):
 def new generation   total 7744K, used 7471K [0x04000000, 0x04860000, 0x09550000)
  eden space 6912K, 100% used [0x04000000, 0x046c0000, 0x046c0000)
  from space 832K,  67% used [0x046c0000, 0x0474bc40, 0x04790000)
  to   space 832K,   0% used [0x04790000, 0x04790000, 0x04860000)
 tenured generation   total 17016K, used 16659K [0x09550000, 0x0a5ee000, 0x14000000)
   the space 17016K,  97% used [0x09550000, 0x0a594d18, 0x0a594e00, 0x0a5ee000)
 Metaspace       used 13702K, capacity 13886K, committed 13952K, reserved 14720K
Event: 139.942 GC heap after
Heap after GC invocations=21 (full 2):
 def new generation   total 7744K, used 0K [0x04000000, 0x04860000, 0x09550000)
  eden space 6912K,   0% used [0x04000000, 0x04000000, 0x046c0000)
  from space 832K,   0% used [0x04790000, 0x04790000, 0x04860000)
  to   space 832K,   0% used [0x046c0000, 0x046c0000, 0x04790000)
 tenured generation   total 17016K, used 9523K [0x09550000, 0x0a5ee000, 0x14000000)
   the space 17016K,  55% used [0x09550000, 0x09e9cfc0, 0x09e9d000, 0x0a5ee000)
 Metaspace       used 13680K, capacity 13851K, committed 13952K, reserved 14720K
}
Event: 139.956 GC heap before
{Heap before GC invocations=21 (full 2):
 def new generation   total 7744K, used 6912K [0x04000000, 0x04860000, 0x09550000)
  eden space 6912K, 100% used [0x04000000, 0x046c0000, 0x046c0000)
  from space 832K,   0% used [0x04790000, 0x04790000, 0x04860000)
  to   space 832K,   0% used [0x046c0000, 0x046c0000, 0x04790000)
 tenured generation   total 17016K, used 9523K [0x09550000, 0x0a5ee000, 0x14000000)
   the space 17016K,  55% used [0x09550000, 0x09e9cfc0, 0x09e9d000, 0x0a5ee000)
 Metaspace       used 13680K, capacity 13851K, committed 13952K, reserved 14720K
Event: 139.958 GC heap after
Heap after GC invocations=22 (full 2):
 def new generation   total 7744K, used 119K [0x04000000, 0x04860000, 0x09550000)
  eden space 6912K,   0% used [0x04000000, 0x04000000, 0x046c0000)
  from space 832K,  14% used [0x046c0000, 0x046dde50, 0x04790000)
  to   space 832K,   0% used [0x04790000, 0x04790000, 0x04860000)
 tenured generation   total 17016K, used 9523K [0x09550000, 0x0a5ee000, 0x14000000)
   the space 17016K,  55% used [0x09550000, 0x09e9cfc0, 0x09e9d000, 0x0a5ee000)
 Metaspace       used 13680K, capacity 13851K, committed 13952K, reserved 14720K
}
Event: 140.012 GC heap before
{Heap before GC invocations=22 (full 2):
 def new generation   total 7744K, used 7031K [0x04000000, 0x04860000, 0x09550000)
  eden space 6912K, 100% used [0x04000000, 0x046c0000, 0x046c0000)
  from space 832K,  14% used [0x046c0000, 0x046dde50, 0x04790000)
  to   space 832K,   0% used [0x04790000, 0x04790000, 0x04860000)
 tenured generation   total 17016K, used 9523K [0x09550000, 0x0a5ee000, 0x14000000)
   the space 17016K,  55% used [0x09550000, 0x09e9cfc0, 0x09e9d000, 0x0a5ee000)
 Metaspace       used 13680K, capacity 13851K, committed 13952K, reserved 14720K
Event: 140.017 GC heap after
Heap after GC invocations=23 (full 2):
 def new generation   total 7744K, used 832K [0x04000000, 0x04860000, 0x09550000)
  eden space 6912K,   0% used [0x04000000, 0x04000000, 0x046c0000)
  from space 832K, 100% used [0x04790000, 0x04860000, 0x04860000)
  to   space 832K,   0% used [0x046c0000, 0x046c0000, 0x04790000)
 tenured generation   total 17016K, used 11679K [0x09550000, 0x0a5ee000, 0x14000000)
   the space 17016K,  68% used [0x09550000, 0x0a0b7f48, 0x0a0b8000, 0x0a5ee000)
 Metaspace       used 13680K, capacity 13851K, committed 13952K, reserved 14720K
}
Event: 140.151 GC heap before
{Heap before GC invocations=23 (full 2):
 def new generation   total 7744K, used 7744K [0x04000000, 0x04860000, 0x09550000)
  eden space 6912K, 100% used [0x04000000, 0x046c0000, 0x046c0000)
  from space 832K, 100% used [0x04790000, 0x04860000, 0x04860000)
  to   space 832K,   0% used [0x046c0000, 0x046c0000, 0x04790000)
 tenured generation   total 17016K, used 11679K [0x09550000, 0x0a5ee000, 0x14000000)
   the space 17016K,  68% used [0x09550000, 0x0a0b7f48, 0x0a0b8000, 0x0a5ee000)
 Metaspace       used 13767K, capacity 13947K, committed 14080K, reserved 14720K
Event: 140.158 GC heap after
Heap after GC invocations=24 (full 2):
 def new generation   total 7744K, used 832K [0x04000000, 0x04860000, 0x09550000)
  eden space 6912K,   0% used [0x04000000, 0x04000000, 0x046c0000)
  from space 832K, 100% used [0x046c0000, 0x04790000, 0x04790000)
  to   space 832K,   0% used [0x04790000, 0x04790000, 0x04860000)
 tenured generation   total 17016K, used 13809K [0x09550000, 0x0a5ee000, 0x14000000)
   the space 17016K,  81% used [0x09550000, 0x0a2cc4a0, 0x0a2cc600, 0x0a5ee000)
 Metaspace       used 13767K, capacity 13947K, committed 14080K, reserved 14720K
}
Event: 141.242 GC heap before
{Heap before GC invocations=24 (full 2):
 def new generation   total 7744K, used 7744K [0x04000000, 0x04860000, 0x09550000)
  eden space 6912K, 100% used [0x04000000, 0x046c0000, 0x046c0000)
  from space 832K, 100% used [0x046c0000, 0x04790000, 0x04790000)
  to   space 832K,   0% used [0x04790000, 0x04790000, 0x04860000)
 tenured generation   total 17016K, used 13809K [0x09550000, 0x0a5ee000, 0x14000000)
   the space 17016K,  81% used [0x09550000, 0x0a2cc4a0, 0x0a2cc600, 0x0a5ee000)
 Metaspace       used 14611K, capacity 14768K, committed 14848K, reserved 15744K
Event: 141.252 GC heap after
Heap after GC invocations=25 (full 2):
 def new generation   total 7744K, used 832K [0x04000000, 0x04860000, 0x09550000)
  eden space 6912K,   0% used [0x04000000, 0x04000000, 0x046c0000)
  from space 832K, 100% used [0x04790000, 0x04860000, 0x04860000)
  to   space 832K,   0% used [0x046c0000, 0x046c0000, 0x04790000)
 tenured generation   total 17016K, used 15029K [0x09550000, 0x0a5ee000, 0x14000000)
   the space 17016K,  88% used [0x09550000, 0x0a3fd610, 0x0a3fd800, 0x0a5ee000)
 Metaspace       used 14611K, capacity 14768K, committed 14848K, reserved 15744K
}

Deoptimization events (0 events):
No events

Internal exceptions (10 events):
Event: 2.787 Thread 0x006ccc00 Exception <a 'java/lang/ArrayIndexOutOfBoundsException'> (0x04058850) thrown at [C:\workspace\8-2-build-windows-i586-cygwin\jdk8u92\6642\hotspot\src\share\vm\runtime\sharedRuntime.cpp, line 605]
Event: 2.788 Thread 0x006ccc00 Exception <a 'java/lang/ArrayIndexOutOfBoundsException'> (0x04065748) thrown at [C:\workspace\8-2-build-windows-i586-cygwin\jdk8u92\6642\hotspot\src\share\vm\runtime\sharedRuntime.cpp, line 605]
Event: 2.819 Thread 0x006ccc00 Exception <a 'java/lang/ArrayIndexOutOfBoundsException'> (0x042a1920) thrown at [C:\workspace\8-2-build-windows-i586-cygwin\jdk8u92\6642\hotspot\src\share\vm\runtime\sharedRuntime.cpp, line 605]
Event: 2.819 Thread 0x006ccc00 Exception <a 'java/lang/ArrayIndexOutOfBoundsException'> (0x042a2fb0) thrown at [C:\workspace\8-2-build-windows-i586-cygwin\jdk8u92\6642\hotspot\src\share\vm\runtime\sharedRuntime.cpp, line 605]
Event: 88.361 Thread 0x006ccc00 Exception <a 'java/lang/NullPointerException'> (0x044c7948) thrown at [C:\workspace\8-2-build-windows-i586-cygwin\jdk8u92\6642\hotspot\src\share\vm\interpreter\linkResolver.cpp, line 1178]
Event: 90.665 Thread 0x006ccc00 Exception <a 'java/lang/NullPointerException'> (0x044cabd0) thrown at [C:\workspace\8-2-build-windows-i586-cygwin\jdk8u92\6642\hotspot\src\share\vm\interpreter\linkResolver.cpp, line 1178]
Event: 92.218 Thread 0x006ccc00 Exception <a 'java/lang/NullPointerException'> (0x044cdd48) thrown at [C:\workspace\8-2-build-windows-i586-cygwin\jdk8u92\6642\hotspot\src\share\vm\interpreter\linkResolver.cpp, line 1178]
Event: 140.976 Thread 0x14fff400 Exception <a 'java/net/SocketTimeoutException': connect timed out> (0x043aedf8) thrown at [C:\workspace\8-2-build-windows-i586-cygwin\jdk8u92\6642\hotspot\src\share\vm\prims\jni.cpp, line 735]
Event: 141.267 Thread 0x006ccc00 Exception <a 'java/lang/UnsatisfiedLinkError': The specified procedure could not be found.
> (0x04053c70) thrown at [C:\workspace\8-2-build-windows-i586-cygwin\jdk8u92\6642\hotspot\src\share\vm\prims\jni.cpp, line 735]
Event: 141.612 Thread 0x14ffe400 Exception <a 'java/net/SocketException': Socket closed> (0x043a83f8) thrown at [C:\workspace\8-2-build-windows-i586-cygwin\jdk8u92\6642\hotspot\src\share\vm\prims\jni.cpp, line 735]

Events (10 events):
Event: 141.612 loading class java/util/IdentityHashMap$KeySet
Event: 141.612 Thread 0x14ffe400 Thread exited: 0x14ffe400
Event: 141.612 loading class java/util/IdentityHashMap$KeySet done
Event: 141.612 loading class java/util/IdentityHashMap$KeyIterator
Event: 141.612 loading class java/util/IdentityHashMap$IdentityHashMapIterator
Event: 141.612 loading class java/util/IdentityHashMap$IdentityHashMapIterator done
Event: 141.612 loading class java/util/IdentityHashMap$KeyIterator done
Event: 141.613 Thread 0x14ffe400 Thread added: 0x14ffe400
Event: 141.613 Thread 0x14ffe400 Thread exited: 0x14ffe400
Event: 141.615 Executing VM operation: Exit


Dynamic libraries:
0x01010000 - 0x01043000 	C:\Program Files\Java\jre1.8.0_92\bin\javaw.exe
0x77180000 - 0x772c2000 	C:\windows\SYSTEM32\ntdll.dll
0x770a0000 - 0x77175000 	C:\windows\system32\kernel32.dll
0x751f0000 - 0x7523b000 	C:\windows\system32\KERNELBASE.dll
0x75000000 - 0x7506e000 	C:\windows\System32\SYSFER.DLL
0x77320000 - 0x773c1000 	C:\windows\system32\ADVAPI32.dll
0x76d20000 - 0x76dcc000 	C:\windows\system32\msvcrt.dll
0x75730000 - 0x75749000 	C:\windows\SYSTEM32\sechost.dll
0x75a10000 - 0x75ab2000 	C:\windows\system32\RPCRT4.dll
0x76fd0000 - 0x77099000 	C:\windows\system32\USER32.dll
0x76e20000 - 0x76e6e000 	C:\windows\system32\GDI32.dll
0x75930000 - 0x7593a000 	C:\windows\system32\LPK.dll
0x755b0000 - 0x7564d000 	C:\windows\system32\USP10.dll
0x73c10000 - 0x73dae000 	C:\windows\WinSxS\x86_microsoft.windows.common-controls_6595b64144ccf1df_6.0.7601.17514_none_41e6975e2bd6f2b2\COMCTL32.dll
0x756d0000 - 0x75727000 	C:\windows\system32\SHLWAPI.dll
0x75750000 - 0x7576f000 	C:\windows\system32\IMM32.DLL
0x75940000 - 0x75a0d000 	C:\windows\system32\MSCTF.dll
0x678f0000 - 0x679af000 	C:\Program Files\Java\jre1.8.0_92\bin\msvcr100.dll
0x6cd10000 - 0x6d0db000 	C:\Program Files\Java\jre1.8.0_92\bin\client\jvm.dll
0x6eae0000 - 0x6eae7000 	C:\windows\system32\WSOCK32.dll
0x772e0000 - 0x77315000 	C:\windows\system32\WS2_32.dll
0x75770000 - 0x75776000 	C:\windows\system32\NSI.dll
0x73710000 - 0x73742000 	C:\windows\system32\WINMM.dll
0x74500000 - 0x74509000 	C:\windows\system32\VERSION.dll
0x75e60000 - 0x75e65000 	C:\windows\system32\PSAPI.DLL
0x72210000 - 0x7221c000 	C:\Program Files\Java\jre1.8.0_92\bin\verify.dll
0x67cd0000 - 0x67cf1000 	C:\Program Files\Java\jre1.8.0_92\bin\java.dll
0x6c6e0000 - 0x6c709000 	C:\Program Files\Java\jre1.8.0_92\bin\jdwp.dll
0x73280000 - 0x73287000 	C:\Program Files\Java\jre1.8.0_92\bin\npt.dll
0x721f0000 - 0x72203000 	C:\Program Files\Java\jre1.8.0_92\bin\zip.dll
0x75e70000 - 0x76abc000 	C:\windows\system32\SHELL32.dll
0x76e70000 - 0x76fcc000 	C:\windows\system32\ole32.dll
0x750f0000 - 0x750fb000 	C:\windows\system32\profapi.dll
0x73fc0000 - 0x73fc8000 	C:\Program Files\Java\jre1.8.0_92\bin\dt_socket.dll
0x740f0000 - 0x74100000 	C:\windows\system32\NLAapi.dll
0x71870000 - 0x71880000 	C:\windows\system32\napinsp.dll
0x71830000 - 0x71842000 	C:\windows\system32\pnrpnsp.dll
0x74a10000 - 0x74a4c000 	C:\windows\System32\mswsock.dll
0x74860000 - 0x748a4000 	C:\windows\system32\DNSAPI.dll
0x715e0000 - 0x715e8000 	C:\windows\System32\winrnr.dll
0x72d30000 - 0x72d4c000 	C:\windows\system32\IPHLPAPI.DLL
0x72d20000 - 0x72d27000 	C:\windows\system32\WINNSI.DLL
0x72510000 - 0x72548000 	C:\windows\System32\fwpuclnt.dll
0x71dc0000 - 0x71dc6000 	C:\windows\system32\rasadhlp.dll
0x74590000 - 0x74595000 	C:\windows\System32\wshtcpip.dll
0x679b0000 - 0x679c6000 	C:\Program Files\Java\jre1.8.0_92\bin\net.dll
0x74c80000 - 0x74c86000 	C:\windows\System32\wship6.dll
0x74a50000 - 0x74a67000 	C:\windows\system32\CRYPTSP.dll
0x748f0000 - 0x7492b000 	C:\windows\system32\rsaenh.dll
0x753e0000 - 0x753f7000 	C:\windows\system32\USERENV.dll
0x74f60000 - 0x74f6c000 	C:\windows\system32\CRYPTBASE.dll
0x724f0000 - 0x724fd000 	C:\windows\system32\dhcpcsvc6.DLL
0x724d0000 - 0x724e2000 	C:\windows\system32\dhcpcsvc.DLL
0x72220000 - 0x7222f000 	C:\Program Files\Java\jre1.8.0_92\bin\nio.dll
0x6ec40000 - 0x6ec60000 	C:\Program Files\Java\jre1.8.0_92\bin\sunec.dll
0x74f10000 - 0x74f5c000 	C:\windows\system32\apphelp.dll
0x00cf0000 - 0x00d2d000 	C:\Users\675909\AppData\Local\Temp\jna-1598403054\jna3000944923489639697.dll
0x72660000 - 0x7274b000 	C:\windows\system32\dbghelp.dll

VM Arguments:
jvm_args: -agentlib:jdwp=transport=dt_socket,suspend=y,address=localhost:59949 -ea -Dfile.encoding=Cp1252 
java_command: org.testng.remote.RemoteTestNG -serport 59948 -protocol json -d C:\Code\TataMobileMsgExchangeApp\test-output C:\Code\TataMobileMsgExchangeApp\SupplierProvisioning.xml
java_class_path (initial): C:\eclipse-jee-mars-M4-win32\eclipse\plugins\org.testng.eclipse_6.9.12.201607091356\lib\testng-remote.jar;C:\Code\TataMobileMsgExchangeApp\bin;C:\Code\TataMobileMsgExchangeApp\lib\commons-codec-1.9.jar;C:\Code\TataMobileMsgExchangeApp\lib\commons-logging-1.1.3.jar;C:\Code\TataMobileMsgExchangeApp\lib\extentreports-java-2.10.jar;C:\Code\TataMobileMsgExchangeApp\lib\jdbc-oracle.jar;C:\Code\TataMobileMsgExchangeApp\lib\jsoup-1.8.3.jar;C:\Code\TataMobileMsgExchangeApp\lib\junit-4.12.jar;C:\Code\TataMobileMsgExchangeApp\lib\jxl-2.6.jar;C:\Code\TataMobileMsgExchangeApp\lib\jxl.jar;C:\Code\TataMobileMsgExchangeApp\lib\log4j-1.2.17.jar;C:\Code\TataMobileMsgExchangeApp\lib\poi-3.13-20150929.jar;C:\Code\TataMobileMsgExchangeApp\lib\poi-examples-3.13-20150929.jar;C:\Code\TataMobileMsgExchangeApp\lib\poi-excelant-3.13-20150929.jar;C:\Code\TataMobileMsgExchangeApp\lib\poi-ooxml-3.13-20150929.jar;C:\Code\TataMobileMsgExchangeApp\lib\poi-ooxml-schemas-3.13-20150929.jar;C:\Code\TataMobileMsgExchangeApp\lib\poi-scratchpad-3.13-20150929.jar;C:\Code\TataMobileMsgExchangeApp\lib\selenium-server-standalone-2.53.0.jar;C:\Code\TataMobileMsgExchangeApp\lib\sqlite-jdbc-3.8.11.1.jar;C:\Code\TataMobileMsgExchangeApp\lib\xmlbeans-2.6.0.jar;C:\Code\TataMobileMsgExchangeApp\lib\xmlbeans.jar;C:\Code\TataMobileMsgExchangeApp\lib\commons-lang3-3.3.2.jar;C:\Code\TataMobileMsgExchangeApp\lib\opencsv-3.8.jar
Launcher Type: SUN_STANDARD

Environment Variables:
PATH=C:/Program Files/Java/jre1.8.0_92/bin/client;C:/Program Files/Java/jre1.8.0_92/bin;C:/Program Files/Java/jre1.8.0_92/lib/i386;C:\ProgramData\Oracle\Java\javapath;C:\oracle\product\10.2.0\client_1\bin;C:\windows\system32;C:\windows;C:\windows\System32\Wbem;C:\windows\System32\WindowsPowerShell\v1.0\;C:\Program Files\TortoiseSVN\bin;C:\windows\System32\WindowsPowerShell\v1.0\;C:\eclipse-jee-mars-M4-win32\eclipse;
USERNAME=675909
OS=Windows_NT
PROCESSOR_IDENTIFIER=x86 Family 6 Model 58 Stepping 9, GenuineIntel



---------------  S Y S T E M  ---------------

OS: Windows 7 Build 7601 (6.1.7601.19135)

CPU:total 4 (2 cores per cpu, 2 threads per core) family 6 model 58 stepping 9, cmov, cx8, fxsr, mmx, sse, sse2, sse3, ssse3, sse4.1, sse4.2, popcnt, avx, aes, clmul, erms, ht, tsc, tscinvbit, tscinv

Memory: 4k page, physical 3497976k(1742252k free), swap 6994236k(4366592k free)

vm_info: Java HotSpot(TM) Client VM (25.92-b14) for windows-x86 JRE (1.8.0_92-b14), built on Mar 31 2016 21:09:21 by "java_re" with MS VC++ 10.0 (VS2010)

time: Thu Dec 15 15:42:54 2016
elapsed time: 141 seconds (0d 0h 2m 21s)

